<?xml version="1.0" encoding="UTF-8"?>
<testsuite xmlns:xsi="http://www.w3.org/2001/XMLSchema-instance" xsi:noNamespaceSchemaLocation="https://maven.apache.org/surefire/maven-surefire-plugin/xsd/surefire-test-report.xsd" name="diplom2.CreateUserTests" time="1.272" tests="3" errors="0" skipped="0" failures="0">
  <properties>
[...]
</properties>
  <testcase name="createUniqueUser" classname="diplom2.CreateUserTests" time="0.374"/>
  <testcase name="createNonUniqueUser" classname="diplom2.CreateUserTests" time="0.588"/>
  <testcase name="createUserWithoutField" classname="diplom2.CreateUserTests" time="0.304"/>
</testsuite>